waiting...
{'e': '40', 'y': '50', 'x': '50'}
waiting...
{'e': '0', 'y': '50', 'x': '50'}
waiting...
{'e': '40', 'y': '50', 'x': '50'}
waiting...
{'e': '40', 'y': '50', 'x': '20'}
waiting...
{'e': '60', 'y': '50', 'x': '50'}
waiting...
{'e': '40', 'y': '50', 'x': '50'}
waiting...
{'e': '0', 'y': '50', 'x': '50'}
waiting...
{'e': '50', 'y': '50', 'x': '50'}
waiting...
{'e': '40', 'y': '50', 'x': '90'}
waiting...
{'e': '60', 'y': '50', 'x': '50'}
waiting...
{'e': '60', 'y': '90', 'x': '50'}
waiting...
{'e': '60', 'y': '50', 'x': '50'}
waiting...
{'e': '0', 'y': '50', 'x': '50'}
waiting...
{'e': '40', 'y': '50', 'x': '50'}
waiting...
{'e': '0', 'y': '50', 'x': '50'}
waiting...
{'e': '40', 'y': '50', 'x': '30'}
waiting...
{'e': '0', 'y': '50', 'x': '50'}
waiting...
{'e': '40', 'y': '50', 'x': '50'}
waiting...
waiting...
{'e': '40', 'y': '50', 'x': '50'}
waiting...
{'e': '0', 'y': '50', 'x': '50'}
waiting...
{'e': '40', 'y': '50', 'x': '50'}
waiting...
{'e': '40', 'y': '50', 'x': '20'}
waiting...
{'e': '60', 'y': '50', 'x': '50'}
waiting...
{'e': '40', 'y': '50', 'x': '50'}
waiting...
{'e': '0', 'y': '50', 'x': '50'}
waiting...
{'e': '50', 'y': '50', 'x': '50'}
waiting...
{'e': '40', 'y': '50', 'x': '90'}
waiting...
{'e': '60', 'y': '50', 'x': '50'}
waiting...
{'e': '60', 'y': '90', 'x': '50'}
waiting...
{'e': '60', 'y': '50', 'x': '50'}
waiting...
{'e': '0', 'y': '50', 'x': '50'}
waiting...
{'e': '40', 'y': '50', 'x': '50'}
waiting...
waiting...
{'e': '0', 'y': '50', 'x': '50'}
waiting...
{'x': '50', 'y': '50', 'e': '40'}
waiting...
{'e': '40', 'y': '50', 'x': '20'}
waiting...
{'x': '50', 'y': '50', 'e': '60'}
waiting...
{'e': '40', 'y': '50', 'x': '50'}
waiting...
{'x': '50', 'y': '50', 'e': '0'}
waiting...
{'e': '50', 'y': '50', 'x': '50'}
waiting...
{'x': '90', 'y': '50', 'e': '40'}
waiting...
{'e': '60', 'y': '50', 'x': '50'}
waiting...
{'x': '50', 'y': '90', 'e': '60'}
waiting...
{'e': '60', 'y': '50', 'x': '50'}
waiting...
{'x': '50', 'y': '50', 'e': '0'}
waiting...
{'e': '40', 'y': '50', 'x': '50'}
waiting...
{'x': '50', 'y': '50', 'e': '0'}
waiting...
{'e': '40', 'y': '50', 'x': '30'}
waiting...
{'x': '50', 'y': '50', 'e': '0'}
waiting...
{'e': '40', 'y': '50', 'x': '50'}
waiting...
waiting...
{'y': '50', 'e': '40', 'x': '50'}
waiting...
{'y': '50', 'e': '0', 'x': '50'}
waiting...
{'y': '50', 'e': '40', 'x': '50'}
waiting...
{'y': '50', 'e': '40', 'x': '20'}
waiting...
{'y': '50', 'e': '60', 'x': '50'}
waiting...
{'y': '50', 'e': '40', 'x': '50'}
waiting...
{'y': '50', 'e': '0', 'x': '50'}
waiting...
{'y': '50', 'e': '50', 'x': '50'}
waiting...
{'y': '50', 'e': '40', 'x': '90'}
waiting...
{'y': '50', 'e': '60', 'x': '50'}
waiting...
{'y': '90', 'e': '60', 'x': '50'}
waiting...
{'y': '50', 'e': '60', 'x': '50'}
waiting...
{'y': '50', 'e': '0', 'x': '50'}
waiting...
{'y': '50', 'e': '40', 'x': '50'}
waiting...
{'y': '50', 'e': '0', 'x': '50'}
waiting...
{'y': '50', 'e': '40', 'x': '30'}
waiting...
{'y': '50', 'e': '0', 'x': '50'}
waiting...
{'y': '50', 'e': '40', 'x': '50'}
waiting...
waiting...
{'x': '50', 'e': '40', 'y': '50'}
waiting...
{'x': '50', 'e': '0', 'y': '50'}
waiting...
{'x': '50', 'e': '40', 'y': '50'}
waiting...
{'x': '20', 'e': '40', 'y': '50'}
waiting...
{'x': '50', 'e': '60', 'y': '50'}
waiting...
{'x': '50', 'e': '40', 'y': '50'}
waiting...
{'x': '50', 'e': '0', 'y': '50'}
waiting...
{'x': '50', 'e': '50', 'y': '50'}
waiting...
{'x': '90', 'e': '40', 'y': '50'}
waiting...
{'x': '50', 'e': '60', 'y': '50'}
waiting...
{'x': '50', 'e': '60', 'y': '90'}
waiting...
{'x': '50', 'e': '60', 'y': '50'}
waiting...
{'x': '50', 'e': '0', 'y': '50'}
waiting...
{'x': '50', 'e': '40', 'y': '50'}
waiting...
{'x': '50', 'e': '0', 'y': '50'}
waiting...
{'x': '30', 'e': '40', 'y': '50'}
waiting...
{'x': '50', 'e': '0', 'y': '50'}
waiting...
{'x': '50', 'e': '40', 'y': '50'}
waiting...
waiting...
{'e': '40', 'x': '50', 'y': '50'}
waiting...
{'e': '0', 'x': '50', 'y': '50'}
waiting...
{'e': '40', 'x': '50', 'y': '50'}
waiting...
{'e': '40', 'x': '20', 'y': '50'}
waiting...
{'e': '60', 'x': '50', 'y': '50'}
waiting...
{'e': '40', 'x': '50', 'y': '50'}
waiting...
{'e': '0', 'x': '50', 'y': '50'}
waiting...
{'e': '50', 'x': '50', 'y': '50'}
waiting...
{'e': '40', 'x': '90', 'y': '50'}
waiting...
{'e': '60', 'x': '50', 'y': '50'}
waiting...
{'e': '60', 'x': '50', 'y': '90'}
waiting...
{'e': '60', 'x': '50', 'y': '50'}
waiting...
{'e': '0', 'x': '50', 'y': '50'}
waiting...
{'e': '40', 'x': '50', 'y': '50'}
waiting...
{'e': '0', 'x': '50', 'y': '50'}
waiting...
{'e': '40', 'x': '30', 'y': '50'}
waiting...
{'e': '0', 'x': '50', 'y': '50'}
waiting...
{'e': '40', 'x': '50', 'y': '50'}
waiting...
waiting...
{'y': '50', 'e': '40', 'x': '50'}
waiting...
{'y': '50', 'e': '0', 'x': '50'}
waiting...
{'y': '50', 'e': '40', 'x': '50'}
waiting...
{'y': '50', 'e': '40', 'x': '20'}
waiting...
{'y': '50', 'e': '60', 'x': '50'}
waiting...
{'y': '50', 'e': '40', 'x': '50'}
waiting...
{'y': '50', 'e': '0', 'x': '50'}
waiting...
{'y': '50', 'e': '50', 'x': '50'}
waiting...
{'y': '50', 'e': '40', 'x': '90'}
waiting...
{'y': '50', 'e': '60', 'x': '50'}
waiting...
{'y': '90', 'e': '60', 'x': '50'}
waiting...
{'y': '50', 'e': '60', 'x': '50'}
waiting...
{'y': '50', 'e': '0', 'x': '50'}
waiting...
{'y': '50', 'e': '40', 'x': '50'}
waiting...
{'y': '50', 'e': '0', 'x': '50'}
waiting...
{'y': '50', 'e': '40', 'x': '30'}
waiting...
{'y': '50', 'e': '0', 'x': '50'}
waiting...
{'y': '50', 'e': '40', 'x': '50'}
waiting...
waiting...
{'e': '40', 'y': '50', 'x': '50'}
waiting...
{'e': '0', 'y': '50', 'x': '50'}
waiting...
{'e': '40', 'y': '50', 'x': '50'}
waiting...
{'e': '40', 'y': '50', 'x': '20'}
waiting...
{'e': '60', 'y': '50', 'x': '50'}
waiting...
{'e': '40', 'y': '50', 'x': '50'}
waiting...
{'e': '0', 'y': '50', 'x': '50'}
waiting...
{'e': '50', 'y': '50', 'x': '50'}
waiting...
{'e': '40', 'y': '50', 'x': '90'}
waiting...
{'e': '60', 'y': '50', 'x': '50'}
waiting...
{'e': '60', 'y': '90', 'x': '50'}
waiting...
{'e': '60', 'y': '50', 'x': '50'}
waiting...
{'e': '0', 'y': '50', 'x': '50'}
waiting...
{'e': '40', 'y': '50', 'x': '50'}
waiting...
{'e': '0', 'y': '50', 'x': '50'}
waiting...
{'e': '40', 'y': '50', 'x': '30'}
waiting...
{'e': '0', 'y': '50', 'x': '50'}
waiting...
{'e': '40', 'y': '50', 'x': '50'}
waiting...
waiting...
{'e': '40', 'y': '50', 'x': '50'}
waiting...
{'e': '0', 'y': '50', 'x': '50'}
waiting...
{'e': '40', 'y': '50', 'x': '50'}
waiting...
{'e': '40', 'y': '50', 'x': '20'}
waiting...
{'e': '60', 'y': '50', 'x': '50'}
waiting...
{'e': '40', 'y': '50', 'x': '50'}
waiting...
{'e': '0', 'y': '50', 'x': '50'}
waiting...
{'e': '50', 'y': '50', 'x': '50'}
waiting...
{'e': '40', 'y': '50', 'x': '90'}
waiting...
{'e': '60', 'y': '50', 'x': '50'}
waiting...
{'e': '60', 'y': '90', 'x': '50'}
waiting...
{'e': '60', 'y': '50', 'x': '50'}
waiting...
{'e': '0', 'y': '50', 'x': '50'}
waiting...
{'e': '40', 'y': '50', 'x': '50'}
waiting...
{'e': '0', 'y': '50', 'x': '50'}
waiting...
{'e': '40', 'y': '50', 'x': '30'}
waiting...
{'e': '0', 'y': '50', 'x': '50'}
waiting...
{'e': '40', 'y': '50', 'x': '50'}
waiting...
waiting...
{'x': '50', 'y': '50', 'e': '40'}
waiting...
{'x': '50', 'y': '50', 'e': '0'}
waiting...
{'x': '50', 'y': '50', 'e': '40'}
waiting...
{'x': '20', 'y': '50', 'e': '40'}
waiting...
{'x': '50', 'y': '50', 'e': '60'}
waiting...
{'x': '50', 'y': '50', 'e': '40'}
waiting...
{'x': '50', 'y': '50', 'e': '0'}
waiting...
{'x': '50', 'y': '50', 'e': '50'}
waiting...
{'x': '90', 'y': '50', 'e': '40'}
waiting...
{'x': '50', 'y': '50', 'e': '60'}
waiting...
{'x': '50', 'y': '90', 'e': '60'}
waiting...
{'x': '50', 'y': '50', 'e': '60'}
waiting...
{'x': '50', 'y': '50', 'e': '0'}
waiting...
{'x': '50', 'y': '50', 'e': '40'}
waiting...
{'x': '50', 'y': '50', 'e': '0'}
waiting...
{'x': '30', 'y': '50', 'e': '40'}
waiting...
{'x': '50', 'y': '50', 'e': '0'}
waiting...
{'x': '50', 'y': '50', 'e': '40'}
waiting...
{'x': '50', 'y': '50', 'e': '50'}
waiting...
{'x': '50', 'y': '100', 'e': '0'}
waiting...
{'x': '50', 'y': '100', 'e': '50'}
waiting...
{'x': '50', 'y': '50', 'e': '50'}
waiting...
{'x': '0', 'y': '50', 'e': '50'}
waiting...
{'x': '100', 'y': '50', 'e': 'waiting...
{'e': '40', 'x': '50', 'y': '50'}
waiting...
{'e': '0', 'x': '50', 'y': '50'}
waiting...
{'e': '40', 'x': '50', 'y': '50'}
waiting...
{'e': '40', 'x': '20', 'y': '50'}
waiting...
{'e': '60', 'x': '50', 'y': '50'}
waiting...
{'e': '40', 'x': '50', 'y': '50'}
waiting...
{'e': '0', 'x': '50', 'y': '50'}
waiting...
{'e': '50', 'x': '50', 'y': '50'}
waiting...
{'e': '40', 'x': '90', 'y': '50'}
waiting...
{'e': '60', 'x': '50', 'y': '50'}
waiting...
{'e': '60', 'x': '50', 'y': '90'}
waiting...
{'e': '60', 'x': '50', 'y': '50'}
waiting...
{'e': '0', 'x': '50', 'y': '50'}
waiting...
{'e': '40', 'x': '50', 'y': '50'}
waiting...
{'e': '0', 'x': '50', 'y': '50'}
waiting...
{'e': '40', 'x': '30', 'y': '50'}
waiting...
{'e': '0', 'x': '50', 'y': '50'}
waiting...
{'e': '40', 'x': '50', 'y': '50'}
waiting...
waiting...
{'y': '50', 'e': '40', 'x': '50'}
waiting...
{'y': '50', 'e': '0', 'x': '50'}
waiting...
{'y': '50', 'e': '40', 'x': '50'}
waiting...
{'y': '50', 'e': '40', 'x': '20'}
waiting...
{'y': '50', 'e': '60', 'x': '50'}
waiting...
{'y': '50', 'e': '40', 'x': '50'}
waiting...
{'y': '50', 'e': '0', 'x': '50'}
waiting...
{'y': '50', 'e': '50', 'x': '50'}
waiting...
{'y': '50', 'e': '40', 'x': '90'}
waiting...
{'y': '50', 'e': '60', 'x': '50'}
waiting...
{'y': '90', 'e': '60', 'x': '50'}
waiting...
{'y': '50', 'e': '60', 'x': '50'}
waiting...
{'y': '50', 'e': '0', 'x': '50'}
waiting...
{'y': '50', 'e': '40', 'x': '50'}
waiting...
{'y': '50', 'e': '0', 'x': '50'}
waiting...
{'y': '50', 'e': '40', 'x': '30'}
waiting...
{'y': '50', 'e': '0', 'x': '50'}
waiting...
{'y': '50', 'e': '40', 'x': '50'}
FACE write failed: [Errno 5] Input/output error
waiting...
{'e': '40', 'y': '50', 'x': '50'}
waiting...
{'e': '0', 'y': '50', 'x': '50'}
waiting...
{'e': '40', 'y': '50', 'x': '50'}
waiting...
{'e': '40', 'y': '50', 'x': '20'}
waiting...
{'e': '60', 'y': '50', 'x': '50'}
waiting...
{'e': '40', 'y': '50', 'x': '50'}
waiting...
{'e': '0', 'y': '50', 'x': '50'}
waiting...
{'e': '50', 'y': '50', 'x': '50'}
waiting...
{'e': '40', 'y': '50', 'x': '90'}
waiting...
{'e': '60', 'y': '50', 'x': '50'}
waiting...
{'e': '60', 'y': '90', 'x': '50'}
waiting...
{'e': '60', 'y': '50', 'x': '50'}
waiting...
{'e': '0', 'y': '50', 'x': '50'}
waiting...
{'e': '40', 'y': '50', 'x': '50'}
waiting...
{'e': '0', 'y': '50', 'x': '50'}
waiting...
{'e': '40', 'y': '50', 'x': '30'}
waiting...
{'e': '0', 'y': '50', 'x': '50'}
waiting...
{'e': '40', 'y': '50', 'x': '50'}
waiting...
waiting...
{'x': '50', 'y': '50', 'e': '40'}
waiting...
{'x': '50', 'y': '50', 'e': '0'}
waiting...
{'x': '50', 'y': '50', 'e': '40'}
waiting...
{'x': '20', 'y': '50', 'e': '40'}
waiting...
{'x': '50', 'y': '50', 'e': '60'}
waiting...
{'x': '50', 'y': '50', 'e': '40'}
waiting...
{'x': '50', 'y': '50', 'e': '0'}
waiting...
{'x': '50', 'y': '50', 'e': '50'}
waiting...
{'x': '90', 'y': '50', 'e': '40'}
waiting...
{'x': '50', 'y': '50', 'e': '60'}
waiting...
{'x': '50', 'y': '90', 'e': '60'}
waiting...
{'x': '50', 'y': '50', 'e': '60'}
waiting...
{'x': '50', 'y': '50', 'e': '0'}
waiting...
{'x': '50', 'y': '50', 'e': '40'}
waiting...
{'x': '50', 'y': '50', 'e': '0'}
waiting...
{'x': '30', 'y': '50', 'e': '40'}
waiting...
{'x': '50', 'y': '50', 'e': '0'}
waiting...
{'x': '50', 'y': '50', 'e': '40'}
waiting...
{'x': '50', 'y': '50', 'e': '40'}
waiting...
waiting...
{'x': '50', 'y': '50', 'e': '0'}
waiting...
{'e': '40', 'y': '50', 'x': '50'}
waiting...
{'x': '20', 'y': '50', 'e': '40'}
waiting...
{'e': '60', 'y': '50', 'x': '50'}
waiting...
{'x': '50', 'y': '50', 'e': '40'}
waiting...
{'e': '0', 'y': '50', 'x': '50'}
waiting...
{'x': '50', 'y': '50', 'e': '50'}
waiting...
{'e': '40', 'y': '50', 'x': '90'}
waiting...
{'x': '50', 'y': '50', 'e': '60'}
waiting...
{'e': '60', 'y': '90', 'x': '50'}
waiting...
{'x': '50', 'y': '50', 'e': '60'}
waiting...
{'e': '80', 'y': '20', 'x': '20'}
waiting...
{'x': '50', 'y': '50', 'e': '60'}
waiting...
{'e': '0', 'y': '50', 'x': '50'}
waiting...
{'x': '50', 'y': '50', 'e': '40'}
waiting...
{'e': '0', 'y': '50', 'x': '50'}
waiting...
{'x': '30', 'y': '50', 'e': '40'}
waiting...
{'e': '0', 'y': '50', 'x': '50'}
waiting...
{'x': '50', 'y': '50', 'e': '40'}
waiting...
